<?xml version="1.0" encoding="UTF-8"?>
<coverage generated="1770981185974" clover="3.2.0">
  <project timestamp="1770981185974" name="All files">
    <metrics statements="61" coveredstatements="61" conditionals="16" coveredconditionals="13" methods="23" coveredmethods="23" elements="100" coveredelements="97" complexity="0" loc="61" ncloc="61" packages="2" files="7" classes="7"/>
    <package name="src">
      <metrics statements="26" coveredstatements="26" conditionals="6" coveredconditionals="5" methods="9" coveredmethods="9"/>
      <file name="App.jsx" path="/Users/ronsagiv/Code/meet-app/src/App.jsx">
        <metrics statements="19" coveredstatements="19" conditionals="6" coveredconditionals="5" methods="6" coveredmethods="6"/>
        <line num="12" count="3" type="stmt"/>
        <line num="13" count="17" type="stmt"/>
        <line num="14" count="16" type="stmt"/>
        <line num="15" count="16" type="stmt"/>
        <line num="16" count="16" type="stmt"/>
        <line num="18" count="16" type="stmt"/>
        <line num="19" count="6" type="stmt"/>
        <line num="22" count="16" type="stmt"/>
        <line num="23" count="6" type="stmt"/>
        <line num="25" count="6" type="cond" truecount="2" falsecount="0"/>
        <line num="27" count="35" type="stmt"/>
        <line num="28" count="6" type="stmt"/>
        <line num="29" count="6" type="stmt"/>
        <line num="31" count="16" type="stmt"/>
        <line num="33" count="6" type="cond" truecount="2" falsecount="0"/>
        <line num="35" count="35" type="stmt"/>
        <line num="37" count="6" type="cond" truecount="1" falsecount="1"/>
        <line num="38" count="6" type="stmt"/>
        <line num="41" count="16" type="stmt"/>
      </file>
      <file name="api.js" path="/Users/ronsagiv/Code/meet-app/src/api.js">
        <metrics statements="6" coveredstatements="6" conditionals="0" coveredconditionals="0" methods="3" coveredmethods="3"/>
        <line num="13" count="3" type="stmt"/>
        <line num="14" count="525" type="stmt"/>
        <line num="15" count="15" type="stmt"/>
        <line num="16" count="15" type="stmt"/>
        <line num="23" count="3" type="stmt"/>
        <line num="24" count="11" type="stmt"/>
      </file>
      <file name="mock-data.js" path="/Users/ronsagiv/Code/meet-app/src/mock-data.js">
        <metrics statements="1" coveredstatements="1" conditionals="0" coveredconditionals="0" methods="0" coveredmethods="0"/>
        <line num="3" count="4" type="stmt"/>
      </file>
    </package>
    <package name="src.components">
      <metrics statements="35" coveredstatements="35" conditionals="10" coveredconditionals="8" methods="14" coveredmethods="14"/>
      <file name="CitySearch.jsx" path="/Users/ronsagiv/Code/meet-app/src/components/CitySearch.jsx">
        <metrics statements="20" coveredstatements="20" conditionals="4" coveredconditionals="3" methods="7" coveredmethods="7"/>
        <line num="5" count="3" type="stmt"/>
        <line num="6" count="59" type="stmt"/>
        <line num="7" count="59" type="stmt"/>
        <line num="8" count="59" type="stmt"/>
        <line num="10" count="59" type="stmt"/>
        <line num="11" count="17" type="stmt"/>
        <line num="14" count="59" type="stmt"/>
        <line num="15" count="18" type="stmt"/>
        <line num="16" count="18" type="cond" truecount="1" falsecount="1"/>
        <line num="18" count="36" type="stmt"/>
        <line num="21" count="18" type="stmt"/>
        <line num="22" count="18" type="stmt"/>
        <line num="25" count="59" type="stmt"/>
        <line num="26" count="2" type="stmt"/>
        <line num="27" count="2" type="stmt"/>
        <line num="28" count="2" type="stmt"/>
        <line num="29" count="2" type="stmt"/>
        <line num="32" count="59" type="stmt"/>
        <line num="39" count="5" type="stmt"/>
        <line num="45" count="26" type="stmt"/>
      </file>
      <file name="Event.jsx" path="/Users/ronsagiv/Code/meet-app/src/components/Event.jsx">
        <metrics statements="5" coveredstatements="5" conditionals="4" coveredconditionals="4" methods="3" coveredmethods="3"/>
        <line num="3" count="4" type="stmt"/>
        <line num="4" count="364" type="stmt"/>
        <line num="6" count="364" type="stmt"/>
        <line num="7" count="3" type="stmt"/>
        <line num="10" count="364" type="stmt"/>
      </file>
      <file name="EventList.jsx" path="/Users/ronsagiv/Code/meet-app/src/components/EventList.jsx">
        <metrics statements="4" coveredstatements="4" conditionals="2" coveredconditionals="1" methods="2" coveredmethods="2"/>
        <line num="5" count="3" type="stmt"/>
        <line num="6" count="19" type="stmt"/>
        <line num="9" count="357" type="stmt"/>
        <line num="15" count="3" type="stmt"/>
      </file>
      <file name="NumberOfEvents.jsx" path="/Users/ronsagiv/Code/meet-app/src/components/NumberOfEvents.jsx">
        <metrics statements="6" coveredstatements="6" conditionals="0" coveredconditionals="0" methods="2" coveredmethods="2"/>
        <line num="4" count="4" type="stmt"/>
        <line num="5" count="27" type="stmt"/>
        <line num="6" count="7" type="stmt"/>
        <line num="8" count="7" type="stmt"/>
        <line num="11" count="27" type="stmt"/>
        <line num="23" count="4" type="stmt"/>
      </file>
    </package>
  </project>
</coverage>
