<?xml version="1.0" encoding="UTF-8"?>
<coverage generated="1770899592869" clover="3.2.0">
  <project timestamp="1770899592869" name="All files">
    <metrics statements="53" coveredstatements="52" conditionals="14" coveredconditionals="10" methods="20" coveredmethods="19" elements="87" coveredelements="81" complexity="0" loc="53" ncloc="53" packages="2" files="7" classes="7"/>
    <package name="src">
      <metrics statements="18" coveredstatements="17" conditionals="4" coveredconditionals="2" methods="6" coveredmethods="5"/>
      <file name="App.jsx" path="/Users/ronsagiv/Code/meet-app/src/App.jsx">
        <metrics statements="11" coveredstatements="10" conditionals="4" coveredconditionals="2" methods="3" coveredmethods="2"/>
        <line num="10" count="1" type="stmt"/>
        <line num="11" count="4" type="stmt"/>
        <line num="12" count="4" type="stmt"/>
        <line num="13" count="4" type="stmt"/>
        <line num="14" count="4" type="stmt"/>
        <line num="16" count="4" type="stmt"/>
        <line num="18" count="2" type="cond" truecount="1" falsecount="1"/>
        <line num="20" count="0" type="stmt"/>
        <line num="22" count="2" type="cond" truecount="1" falsecount="1"/>
        <line num="23" count="2" type="stmt"/>
        <line num="26" count="4" type="stmt"/>
      </file>
      <file name="api.js" path="/Users/ronsagiv/Code/meet-app/src/api.js">
        <metrics statements="6" coveredstatements="6" conditionals="0" coveredconditionals="0" methods="3" coveredmethods="3"/>
        <line num="13" count="3" type="stmt"/>
        <line num="14" count="140" type="stmt"/>
        <line num="15" count="4" type="stmt"/>
        <line num="16" count="4" type="stmt"/>
        <line num="23" count="3" type="stmt"/>
        <line num="24" count="3" type="stmt"/>
      </file>
      <file name="mock-data.js" path="/Users/ronsagiv/Code/meet-app/src/mock-data.js">
        <metrics statements="1" coveredstatements="1" conditionals="0" coveredconditionals="0" methods="0" coveredmethods="0"/>
        <line num="3" count="4" type="stmt"/>
      </file>
    </package>
    <package name="src.components">
      <metrics statements="35" coveredstatements="35" conditionals="10" coveredconditionals="8" methods="14" coveredmethods="14"/>
      <file name="CitySearch.jsx" path="/Users/ronsagiv/Code/meet-app/src/components/CitySearch.jsx">
        <metrics statements="20" coveredstatements="20" conditionals="4" coveredconditionals="3" methods="7" coveredmethods="7"/>
        <line num="5" count="2" type="stmt"/>
        <line num="6" count="36" type="stmt"/>
        <line num="7" count="36" type="stmt"/>
        <line num="8" count="36" type="stmt"/>
        <line num="10" count="36" type="stmt"/>
        <line num="11" count="11" type="stmt"/>
        <line num="14" count="36" type="stmt"/>
        <line num="15" count="12" type="stmt"/>
        <line num="16" count="12" type="cond" truecount="1" falsecount="1"/>
        <line num="18" count="24" type="stmt"/>
        <line num="21" count="12" type="stmt"/>
        <line num="22" count="12" type="stmt"/>
        <line num="25" count="36" type="stmt"/>
        <line num="26" count="1" type="stmt"/>
        <line num="27" count="1" type="stmt"/>
        <line num="28" count="1" type="stmt"/>
        <line num="29" count="1" type="stmt"/>
        <line num="32" count="36" type="stmt"/>
        <line num="39" count="3" type="stmt"/>
        <line num="45" count="16" type="stmt"/>
      </file>
      <file name="Event.jsx" path="/Users/ronsagiv/Code/meet-app/src/components/Event.jsx">
        <metrics statements="5" coveredstatements="5" conditionals="4" coveredconditionals="4" methods="3" coveredmethods="3"/>
        <line num="3" count="3" type="stmt"/>
        <line num="4" count="106" type="stmt"/>
        <line num="6" count="106" type="stmt"/>
        <line num="7" count="3" type="stmt"/>
        <line num="10" count="106" type="stmt"/>
      </file>
      <file name="EventList.jsx" path="/Users/ronsagiv/Code/meet-app/src/components/EventList.jsx">
        <metrics statements="4" coveredstatements="4" conditionals="2" coveredconditionals="1" methods="2" coveredmethods="2"/>
        <line num="5" count="2" type="stmt"/>
        <line num="6" count="7" type="stmt"/>
        <line num="9" count="99" type="stmt"/>
        <line num="15" count="2" type="stmt"/>
      </file>
      <file name="NumberOfEvents.jsx" path="/Users/ronsagiv/Code/meet-app/src/components/NumberOfEvents.jsx">
        <metrics statements="6" coveredstatements="6" conditionals="0" coveredconditionals="0" methods="2" coveredmethods="2"/>
        <line num="4" count="2" type="stmt"/>
        <line num="5" count="15" type="stmt"/>
        <line num="6" count="7" type="stmt"/>
        <line num="8" count="7" type="stmt"/>
        <line num="11" count="15" type="stmt"/>
        <line num="23" count="2" type="stmt"/>
      </file>
    </package>
  </project>
</coverage>
