{"/Users/ronsagiv/Code/meet-app/src/App.jsx": {"path":"/Users/ronsagiv/Code/meet-app/src/App.jsx","statementMap":{"0":{"start":{"line":10,"column":12},"end":{"line":33,"column":1}},"1":{"start":{"line":11,"column":30},"end":{"line":11,"column":42}},"2":{"start":{"line":12,"column":42},"end":{"line":12,"column":54}},"3":{"start":{"line":13,"column":40},"end":{"line":13,"column":66}},"4":{"start":{"line":14,"column":38},"end":{"line":14,"column":50}},"5":{"start":{"line":16,"column":2},"end":{"line":24,"column":32}},"6":{"start":{"line":18,"column":6},"end":{"line":20,"column":68}},"7":{"start":{"line":20,"column":37},"end":{"line":20,"column":67}},"8":{"start":{"line":22,"column":4},"end":{"line":22,"column":59}},"9":{"start":{"line":23,"column":4},"end":{"line":23,"column":48}},"10":{"start":{"line":26,"column":2},"end":{"line":32,"column":4}}},"fnMap":{"0":{"name":"(anonymous_0)","decl":{"start":{"line":10,"column":12},"end":{"line":10,"column":13}},"loc":{"start":{"line":10,"column":18},"end":{"line":33,"column":1}},"line":10},"1":{"name":"(anonymous_1)","decl":{"start":{"line":16,"column":12},"end":{"line":16,"column":13}},"loc":{"start":{"line":16,"column":18},"end":{"line":24,"column":3}},"line":16},"2":{"name":"(anonymous_2)","decl":{"start":{"line":20,"column":26},"end":{"line":20,"column":27}},"loc":{"start":{"line":20,"column":37},"end":{"line":20,"column":67}},"line":20}},"branchMap":{"0":{"loc":{"start":{"line":18,"column":6},"end":{"line":20,"column":68}},"type":"cond-expr","locations":[{"start":{"line":19,"column":10},"end":{"line":19,"column":18}},{"start":{"line":20,"column":10},"end":{"line":20,"column":68}}],"line":18},"1":{"loc":{"start":{"line":22,"column":15},"end":{"line":22,"column":35}},"type":"binary-expr","locations":[{"start":{"line":22,"column":15},"end":{"line":22,"column":29}},{"start":{"line":22,"column":33},"end":{"line":22,"column":35}}],"line":22}},"s":{"0":1,"1":4,"2":4,"3":4,"4":4,"5":4,"6":2,"7":0,"8":2,"9":2,"10":4},"f":{"0":4,"1":2,"2":0},"b":{"0":[2,0],"1":[2,0]},"_coverageSchema":"1a1c01bbd47fc00a2c39e90264f33305004495a9","hash":"808e7a52a2bea77f02a3c99b944e9fbe9a6377b0"}
,"/Users/ronsagiv/Code/meet-app/src/api.js": {"path":"/Users/ronsagiv/Code/meet-app/src/api.js","statementMap":{"0":{"start":{"line":13,"column":32},"end":{"line":17,"column":1}},"1":{"start":{"line":14,"column":27},"end":{"line":14,"column":64}},"2":{"start":{"line":14,"column":49},"end":{"line":14,"column":63}},"3":{"start":{"line":15,"column":20},"end":{"line":15,"column":50}},"4":{"start":{"line":16,"column":2},"end":{"line":16,"column":19}},"5":{"start":{"line":23,"column":25},"end":{"line":25,"column":1}},"6":{"start":{"line":24,"column":2},"end":{"line":24,"column":18}}},"fnMap":{"0":{"name":"(anonymous_0)","decl":{"start":{"line":13,"column":32},"end":{"line":13,"column":33}},"loc":{"start":{"line":13,"column":44},"end":{"line":17,"column":1}},"line":13},"1":{"name":"(anonymous_1)","decl":{"start":{"line":14,"column":38},"end":{"line":14,"column":39}},"loc":{"start":{"line":14,"column":49},"end":{"line":14,"column":63}},"line":14},"2":{"name":"(anonymous_2)","decl":{"start":{"line":23,"column":25},"end":{"line":23,"column":26}},"loc":{"start":{"line":23,"column":37},"end":{"line":25,"column":1}},"line":23}},"branchMap":{},"s":{"0":3,"1":4,"2":140,"3":4,"4":4,"5":3,"6":3},"f":{"0":4,"1":140,"2":3},"b":{},"_coverageSchema":"1a1c01bbd47fc00a2c39e90264f33305004495a9","hash":"d11c88cda7e1bc23f5488c3f426c883646e0302d"}
,"/Users/ronsagiv/Code/meet-app/src/mock-data.js": {"path":"/Users/ronsagiv/Code/meet-app/src/mock-data.js","statementMap":{"0":{"start":{"line":3,"column":17},"end":{"line":1439,"column":1}}},"fnMap":{},"branchMap":{},"s":{"0":4},"f":{},"b":{},"_coverageSchema":"1a1c01bbd47fc00a2c39e90264f33305004495a9","hash":"74fa6a11b6ad1835a88f32ddef06e12375a7c09d"}
,"/Users/ronsagiv/Code/meet-app/src/components/CitySearch.jsx": {"path":"/Users/ronsagiv/Code/meet-app/src/components/CitySearch.jsx","statementMap":{"0":{"start":{"line":5,"column":19},"end":{"line":58,"column":1}},"1":{"start":{"line":6,"column":48},"end":{"line":6,"column":63}},"2":{"start":{"line":7,"column":28},"end":{"line":7,"column":40}},"3":{"start":{"line":8,"column":40},"end":{"line":8,"column":52}},"4":{"start":{"line":10,"column":2},"end":{"line":12,"column":26}},"5":{"start":{"line":11,"column":4},"end":{"line":11,"column":33}},"6":{"start":{"line":14,"column":29},"end":{"line":23,"column":3}},"7":{"start":{"line":15,"column":18},"end":{"line":15,"column":36}},"8":{"start":{"line":16,"column":30},"end":{"line":20,"column":10}},"9":{"start":{"line":18,"column":10},"end":{"line":18,"column":74}},"10":{"start":{"line":21,"column":4},"end":{"line":21,"column":20}},"11":{"start":{"line":22,"column":4},"end":{"line":22,"column":38}},"12":{"start":{"line":25,"column":28},"end":{"line":30,"column":3}},"13":{"start":{"line":26,"column":18},"end":{"line":26,"column":42}},"14":{"start":{"line":27,"column":4},"end":{"line":27,"column":20}},"15":{"start":{"line":28,"column":4},"end":{"line":28,"column":26}},"16":{"start":{"line":29,"column":4},"end":{"line":29,"column":30}},"17":{"start":{"line":32,"column":2},"end":{"line":57,"column":4}},"18":{"start":{"line":39,"column":23},"end":{"line":39,"column":47}},"19":{"start":{"line":45,"column":12},"end":{"line":49,"column":14}}},"fnMap":{"0":{"name":"(anonymous_0)","decl":{"start":{"line":5,"column":19},"end":{"line":5,"column":20}},"loc":{"start":{"line":5,"column":57},"end":{"line":58,"column":1}},"line":5},"1":{"name":"(anonymous_1)","decl":{"start":{"line":10,"column":12},"end":{"line":10,"column":13}},"loc":{"start":{"line":10,"column":18},"end":{"line":12,"column":3}},"line":10},"2":{"name":"(anonymous_2)","decl":{"start":{"line":14,"column":29},"end":{"line":14,"column":30}},"loc":{"start":{"line":14,"column":40},"end":{"line":23,"column":3}},"line":14},"3":{"name":"(anonymous_3)","decl":{"start":{"line":17,"column":28},"end":{"line":17,"column":29}},"loc":{"start":{"line":17,"column":42},"end":{"line":19,"column":9}},"line":17},"4":{"name":"(anonymous_4)","decl":{"start":{"line":25,"column":28},"end":{"line":25,"column":29}},"loc":{"start":{"line":25,"column":39},"end":{"line":30,"column":3}},"line":25},"5":{"name":"(anonymous_5)","decl":{"start":{"line":39,"column":17},"end":{"line":39,"column":18}},"loc":{"start":{"line":39,"column":23},"end":{"line":39,"column":47}},"line":39},"6":{"name":"(anonymous_6)","decl":{"start":{"line":44,"column":27},"end":{"line":44,"column":28}},"loc":{"start":{"line":44,"column":43},"end":{"line":50,"column":11}},"line":44}},"branchMap":{"0":{"loc":{"start":{"line":16,"column":30},"end":{"line":20,"column":10}},"type":"cond-expr","locations":[{"start":{"line":17,"column":8},"end":{"line":19,"column":10}},{"start":{"line":20,"column":8},"end":{"line":20,"column":10}}],"line":16},"1":{"loc":{"start":{"line":42,"column":7},"end":{"line":55,"column":14}},"type":"cond-expr","locations":[{"start":{"line":43,"column":8},"end":{"line":54,"column":13}},{"start":{"line":55,"column":10},"end":{"line":55,"column":14}}],"line":42}},"s":{"0":2,"1":36,"2":36,"3":36,"4":36,"5":11,"6":36,"7":12,"8":12,"9":24,"10":12,"11":12,"12":36,"13":1,"14":1,"15":1,"16":1,"17":36,"18":3,"19":16},"f":{"0":36,"1":11,"2":12,"3":24,"4":1,"5":3,"6":16},"b":{"0":[12,0],"1":[15,21]},"_coverageSchema":"1a1c01bbd47fc00a2c39e90264f33305004495a9","hash":"a3d6ad23ab92b107568464a78e3098030731f186"}
,"/Users/ronsagiv/Code/meet-app/src/components/Event.jsx": {"path":"/Users/ronsagiv/Code/meet-app/src/components/Event.jsx","statementMap":{"0":{"start":{"line":3,"column":14},"end":{"line":31,"column":1}},"1":{"start":{"line":4,"column":40},"end":{"line":4,"column":55}},"2":{"start":{"line":6,"column":30},"end":{"line":8,"column":3}},"3":{"start":{"line":7,"column":4},"end":{"line":7,"column":36}},"4":{"start":{"line":7,"column":29},"end":{"line":7,"column":34}},"5":{"start":{"line":10,"column":2},"end":{"line":30,"column":4}}},"fnMap":{"0":{"name":"(anonymous_0)","decl":{"start":{"line":3,"column":14},"end":{"line":3,"column":15}},"loc":{"start":{"line":3,"column":29},"end":{"line":31,"column":1}},"line":3},"1":{"name":"(anonymous_1)","decl":{"start":{"line":6,"column":30},"end":{"line":6,"column":31}},"loc":{"start":{"line":6,"column":36},"end":{"line":8,"column":3}},"line":6},"2":{"name":"(anonymous_2)","decl":{"start":{"line":7,"column":19},"end":{"line":7,"column":20}},"loc":{"start":{"line":7,"column":29},"end":{"line":7,"column":34}},"line":7}},"branchMap":{"0":{"loc":{"start":{"line":17,"column":9},"end":{"line":17,"column":54}},"type":"cond-expr","locations":[{"start":{"line":17,"column":23},"end":{"line":17,"column":37}},{"start":{"line":17,"column":40},"end":{"line":17,"column":54}}],"line":17},"1":{"loc":{"start":{"line":20,"column":7},"end":{"line":28,"column":7}},"type":"binary-expr","locations":[{"start":{"line":20,"column":7},"end":{"line":20,"column":18}},{"start":{"line":21,"column":8},"end":{"line":27,"column":14}}],"line":20}},"s":{"0":3,"1":106,"2":106,"3":3,"4":3,"5":106},"f":{"0":106,"1":3,"2":3},"b":{"0":[2,104],"1":[106,2]},"_coverageSchema":"1a1c01bbd47fc00a2c39e90264f33305004495a9","hash":"ecd35bfb43bc77316ed412957138bb587daf9eed"}
,"/Users/ronsagiv/Code/meet-app/src/components/EventList.jsx": {"path":"/Users/ronsagiv/Code/meet-app/src/components/EventList.jsx","statementMap":{"0":{"start":{"line":5,"column":18},"end":{"line":13,"column":1}},"1":{"start":{"line":6,"column":2},"end":{"line":12,"column":4}},"2":{"start":{"line":9,"column":32},"end":{"line":9,"column":70}},"3":{"start":{"line":15,"column":0},"end":{"line":17,"column":2}}},"fnMap":{"0":{"name":"(anonymous_0)","decl":{"start":{"line":5,"column":18},"end":{"line":5,"column":19}},"loc":{"start":{"line":5,"column":34},"end":{"line":13,"column":1}},"line":5},"1":{"name":"(anonymous_1)","decl":{"start":{"line":9,"column":21},"end":{"line":9,"column":22}},"loc":{"start":{"line":9,"column":32},"end":{"line":9,"column":70}},"line":9}},"branchMap":{"0":{"loc":{"start":{"line":8,"column":7},"end":{"line":10,"column":14}},"type":"cond-expr","locations":[{"start":{"line":9,"column":10},"end":{"line":9,"column":71}},{"start":{"line":10,"column":10},"end":{"line":10,"column":14}}],"line":8}},"s":{"0":2,"1":7,"2":99,"3":2},"f":{"0":7,"1":99},"b":{"0":[7,0]},"_coverageSchema":"1a1c01bbd47fc00a2c39e90264f33305004495a9","hash":"0b4d06100a4f062d54c84c027ca9ae4e7b802100"}
,"/Users/ronsagiv/Code/meet-app/src/components/NumberOfEvents.jsx": {"path":"/Users/ronsagiv/Code/meet-app/src/components/NumberOfEvents.jsx","statementMap":{"0":{"start":{"line":4,"column":23},"end":{"line":21,"column":1}},"1":{"start":{"line":5,"column":29},"end":{"line":9,"column":3}},"2":{"start":{"line":6,"column":18},"end":{"line":6,"column":44}},"3":{"start":{"line":8,"column":4},"end":{"line":8,"column":25}},"4":{"start":{"line":11,"column":2},"end":{"line":20,"column":4}},"5":{"start":{"line":23,"column":0},"end":{"line":26,"column":2}}},"fnMap":{"0":{"name":"(anonymous_0)","decl":{"start":{"line":4,"column":23},"end":{"line":4,"column":24}},"loc":{"start":{"line":4,"column":58},"end":{"line":21,"column":1}},"line":4},"1":{"name":"(anonymous_1)","decl":{"start":{"line":5,"column":29},"end":{"line":5,"column":30}},"loc":{"start":{"line":5,"column":40},"end":{"line":9,"column":3}},"line":5}},"branchMap":{},"s":{"0":2,"1":15,"2":7,"3":7,"4":15,"5":2},"f":{"0":15,"1":7},"b":{},"_coverageSchema":"1a1c01bbd47fc00a2c39e90264f33305004495a9","hash":"dc3c8f56019108f2227513cd2ac9f2995de5f4d3"}
}
