TN:
SF:src/App.jsx
FN:10,(anonymous_0)
FN:16,(anonymous_1)
FN:20,(anonymous_2)
FNF:3
FNH:2
FNDA:4,(anonymous_0)
FNDA:2,(anonymous_1)
FNDA:0,(anonymous_2)
DA:10,1
DA:11,4
DA:12,4
DA:13,4
DA:14,4
DA:16,4
DA:18,2
DA:20,0
DA:22,2
DA:23,2
DA:26,4
LF:11
LH:10
BRDA:18,0,0,2
BRDA:18,0,1,0
BRDA:22,1,0,2
BRDA:22,1,1,0
BRF:4
BRH:2
end_of_record
TN:
SF:src/api.js
FN:13,(anonymous_0)
FN:14,(anonymous_1)
FN:23,(anonymous_2)
FNF:3
FNH:3
FNDA:4,(anonymous_0)
FNDA:140,(anonymous_1)
FNDA:3,(anonymous_2)
DA:13,3
DA:14,140
DA:15,4
DA:16,4
DA:23,3
DA:24,3
LF:6
LH:6
BRF:0
BRH:0
end_of_record
TN:
SF:src/mock-data.js
FNF:0
FNH:0
DA:3,4
LF:1
LH:1
BRF:0
BRH:0
end_of_record
TN:
SF:src/components/CitySearch.jsx
FN:5,(anonymous_0)
FN:10,(anonymous_1)
FN:14,(anonymous_2)
FN:17,(anonymous_3)
FN:25,(anonymous_4)
FN:39,(anonymous_5)
FN:44,(anonymous_6)
FNF:7
FNH:7
FNDA:36,(anonymous_0)
FNDA:11,(anonymous_1)
FNDA:12,(anonymous_2)
FNDA:24,(anonymous_3)
FNDA:1,(anonymous_4)
FNDA:3,(anonymous_5)
FNDA:16,(anonymous_6)
DA:5,2
DA:6,36
DA:7,36
DA:8,36
DA:10,36
DA:11,11
DA:14,36
DA:15,12
DA:16,12
DA:18,24
DA:21,12
DA:22,12
DA:25,36
DA:26,1
DA:27,1
DA:28,1
DA:29,1
DA:32,36
DA:39,3
DA:45,16
LF:20
LH:20
BRDA:16,0,0,12
BRDA:16,0,1,0
BRDA:42,1,0,15
BRDA:42,1,1,21
BRF:4
BRH:3
end_of_record
TN:
SF:src/components/Event.jsx
FN:3,(anonymous_0)
FN:6,(anonymous_1)
FN:7,(anonymous_2)
FNF:3
FNH:3
FNDA:106,(anonymous_0)
FNDA:3,(anonymous_1)
FNDA:3,(anonymous_2)
DA:3,3
DA:4,106
DA:6,106
DA:7,3
DA:10,106
LF:5
LH:5
BRDA:17,0,0,2
BRDA:17,0,1,104
BRDA:20,1,0,106
BRDA:20,1,1,2
BRF:4
BRH:4
end_of_record
TN:
SF:src/components/EventList.jsx
FN:5,(anonymous_0)
FN:9,(anonymous_1)
FNF:2
FNH:2
FNDA:7,(anonymous_0)
FNDA:99,(anonymous_1)
DA:5,2
DA:6,7
DA:9,99
DA:15,2
LF:4
LH:4
BRDA:8,0,0,7
BRDA:8,0,1,0
BRF:2
BRH:1
end_of_record
TN:
SF:src/components/NumberOfEvents.jsx
FN:4,(anonymous_0)
FN:5,(anonymous_1)
FNF:2
FNH:2
FNDA:15,(anonymous_0)
FNDA:7,(anonymous_1)
DA:4,2
DA:5,15
DA:6,7
DA:8,7
DA:11,15
DA:23,2
LF:6
LH:6
BRF:0
BRH:0
end_of_record
