TN:
SF:src/App.jsx
FN:12,(anonymous_0)
FN:18,(anonymous_1)
FN:22,(anonymous_2)
FN:27,(anonymous_3)
FN:31,(anonymous_4)
FN:35,(anonymous_5)
FNF:6
FNH:6
FNDA:17,(anonymous_0)
FNDA:6,(anonymous_1)
FNDA:6,(anonymous_2)
FNDA:35,(anonymous_3)
FNDA:6,(anonymous_4)
FNDA:35,(anonymous_5)
DA:12,3
DA:13,17
DA:14,16
DA:15,16
DA:16,16
DA:18,16
DA:19,6
DA:22,16
DA:23,6
DA:25,6
DA:27,35
DA:28,6
DA:29,6
DA:31,16
DA:33,6
DA:35,35
DA:37,6
DA:38,6
DA:41,16
LF:19
LH:19
BRDA:25,0,0,5
BRDA:25,0,1,1
BRDA:33,1,0,5
BRDA:33,1,1,1
BRDA:37,2,0,6
BRDA:37,2,1,0
BRF:6
BRH:5
end_of_record
TN:
SF:src/api.js
FN:13,(anonymous_0)
FN:14,(anonymous_1)
FN:23,(anonymous_2)
FNF:3
FNH:3
FNDA:15,(anonymous_0)
FNDA:525,(anonymous_1)
FNDA:11,(anonymous_2)
DA:13,3
DA:14,525
DA:15,15
DA:16,15
DA:23,3
DA:24,11
LF:6
LH:6
BRF:0
BRH:0
end_of_record
TN:
SF:src/mock-data.js
FNF:0
FNH:0
DA:3,4
LF:1
LH:1
BRF:0
BRH:0
end_of_record
TN:
SF:src/components/CitySearch.jsx
FN:5,(anonymous_0)
FN:10,(anonymous_1)
FN:14,(anonymous_2)
FN:17,(anonymous_3)
FN:25,(anonymous_4)
FN:39,(anonymous_5)
FN:44,(anonymous_6)
FNF:7
FNH:7
FNDA:59,(anonymous_0)
FNDA:17,(anonymous_1)
FNDA:18,(anonymous_2)
FNDA:36,(anonymous_3)
FNDA:2,(anonymous_4)
FNDA:5,(anonymous_5)
FNDA:26,(anonymous_6)
DA:5,3
DA:6,59
DA:7,59
DA:8,59
DA:10,59
DA:11,17
DA:14,59
DA:15,18
DA:16,18
DA:18,36
DA:21,18
DA:22,18
DA:25,59
DA:26,2
DA:27,2
DA:28,2
DA:29,2
DA:32,59
DA:39,5
DA:45,26
LF:20
LH:20
BRDA:16,0,0,18
BRDA:16,0,1,0
BRDA:42,1,0,23
BRDA:42,1,1,36
BRF:4
BRH:3
end_of_record
TN:
SF:src/components/Event.jsx
FN:3,(anonymous_0)
FN:6,(anonymous_1)
FN:7,(anonymous_2)
FNF:3
FNH:3
FNDA:364,(anonymous_0)
FNDA:3,(anonymous_1)
FNDA:3,(anonymous_2)
DA:3,4
DA:4,364
DA:6,364
DA:7,3
DA:10,364
LF:5
LH:5
BRDA:17,0,0,2
BRDA:17,0,1,362
BRDA:20,1,0,364
BRDA:20,1,1,2
BRF:4
BRH:4
end_of_record
TN:
SF:src/components/EventList.jsx
FN:5,(anonymous_0)
FN:9,(anonymous_1)
FNF:2
FNH:2
FNDA:19,(anonymous_0)
FNDA:357,(anonymous_1)
DA:5,3
DA:6,19
DA:9,357
DA:15,3
LF:4
LH:4
BRDA:8,0,0,19
BRDA:8,0,1,0
BRF:2
BRH:1
end_of_record
TN:
SF:src/components/NumberOfEvents.jsx
FN:4,(anonymous_0)
FN:5,(anonymous_1)
FNF:2
FNH:2
FNDA:27,(anonymous_0)
FNDA:7,(anonymous_1)
DA:4,4
DA:5,27
DA:6,7
DA:8,7
DA:11,27
DA:23,4
LF:6
LH:6
BRF:0
BRH:0
end_of_record
